TN:
SF:script/Deploy.s.sol
DA:11,0
FN:11,DeployScript.run
FNDA:0,DeployScript.run
DA:12,0
DA:13,0
DA:15,0
DA:17,0
DA:19,0
DA:20,0
DA:21,0
DA:22,0
DA:24,0
DA:25,0
DA:27,0
DA:29,0
DA:30,0
DA:32,0
DA:34,0
DA:35,0
DA:36,0
DA:37,0
DA:38,0
FNF:1
FNH:0
LF:20
LH:0
BRF:0
BRH:0
end_of_record
TN:
SF:src/CertificateRegistry.sol
DA:60,12
FN:60,CertificateRegistry.constructor
FNDA:12,CertificateRegistry.constructor
DA:61,12
BRDA:61,0,0,-
DA:63,12
DA:65,12
DA:66,12
DA:67,12
DA:68,12
DA:69,12
DA:76,12
FN:76,CertificateRegistry.setTemplateManager
FNDA:12,CertificateRegistry.setTemplateManager
DA:77,12
BRDA:77,1,0,-
DA:78,12
DA:79,12
DA:89,9
FN:89,CertificateRegistry.issueCertificate
FNDA:9,CertificateRegistry.issueCertificate
DA:96,7
BRDA:96,2,0,-
DA:97,7
BRDA:97,3,0,-
DA:98,7
DA:99,7
BRDA:99,4,0,-
DA:100,0
DA:103,7
DA:105,7
DA:116,2
FN:116,CertificateRegistry.issueCertificateWithTemplate
FNDA:2,CertificateRegistry.issueCertificateWithTemplate
DA:122,2
BRDA:122,5,0,-
DA:123,2
BRDA:123,6,0,-
DA:124,2
DA:125,2
BRDA:125,7,0,-
DA:126,0
DA:129,2
DA:130,2
DA:131,2
DA:141,1
FN:141,CertificateRegistry.batchIssueCertificates
FNDA:1,CertificateRegistry.batchIssueCertificates
DA:146,1
DA:147,1
BRDA:147,8,0,-
DA:148,1
BRDA:148,9,0,-
DA:149,1
DA:150,1
BRDA:150,10,0,-
DA:151,0
DA:154,1
DA:156,1
DA:157,2
DA:158,2
BRDA:158,11,0,-
DA:160,2
DA:161,2
DA:163,2
DA:166,2
DA:170,1
DA:181,1
FN:181,CertificateRegistry.batchIssueCertificatesWithTemplates
FNDA:1,CertificateRegistry.batchIssueCertificatesWithTemplates
DA:187,1
DA:188,0
BRDA:188,12,0,-
DA:189,0
DA:191,1
BRDA:191,13,0,-
DA:192,1
BRDA:192,14,0,-
DA:193,0
DA:196,1
DA:198,1
DA:199,2
DA:200,2
BRDA:200,15,0,-
DA:202,2
DA:203,2
BRDA:203,16,0,-
DA:205,2
DA:206,2
DA:208,2
DA:209,2
DA:212,2
DA:216,1
DA:223,1
FN:223,CertificateRegistry.verifyCertificate
FNDA:1,CertificateRegistry.verifyCertificate
DA:224,1
DA:225,1
BRDA:225,17,0,-
DA:226,1
DA:233,2
FN:233,CertificateRegistry.revokeCertificate
FNDA:2,CertificateRegistry.revokeCertificate
DA:234,2
DA:235,2
BRDA:235,18,0,-
DA:236,2
BRDA:236,19,0,1
DA:237,0
BRDA:237,20,0,-
DA:239,1
DA:240,1
DA:242,1
DA:249,1
FN:249,CertificateRegistry.getCertificatesByInstitution
FNDA:1,CertificateRegistry.getCertificatesByInstitution
DA:250,1
BRDA:250,21,0,-
DA:251,1
DA:252,1
DA:253,1
DA:254,1
DA:255,2
DA:257,2
DA:260,1
DA:267,1
FN:267,CertificateRegistry.getCertificatesByRecipient
FNDA:1,CertificateRegistry.getCertificatesByRecipient
DA:268,1
BRDA:268,22,0,-
DA:269,1
DA:270,1
DA:271,1
DA:272,1
DA:273,2
DA:275,2
DA:278,1
DA:285,1
FN:285,CertificateRegistry.authorizeInstitution
FNDA:1,CertificateRegistry.authorizeInstitution
DA:286,1
DA:293,13
FN:293,CertificateRegistry.authorizeInstitutionFromRegistry
FNDA:13,CertificateRegistry.authorizeInstitutionFromRegistry
DA:294,13
DA:301,0
FN:301,CertificateRegistry.deauthorizeInstitution
FNDA:0,CertificateRegistry.deauthorizeInstitution
DA:302,0
BRDA:302,23,0,-
DA:303,0
DA:304,0
DA:305,0
DA:311,1
FN:311,CertificateRegistry.pause
FNDA:1,CertificateRegistry.pause
DA:312,1
DA:318,0
FN:318,CertificateRegistry.unpause
FNDA:0,CertificateRegistry.unpause
DA:319,0
DA:322,0
FN:322,CertificateRegistry.supportsInterface
FNDA:0,CertificateRegistry.supportsInterface
DA:323,0
DA:326,13
FN:326,CertificateRegistry._issueCertificateInternal
FNDA:13,CertificateRegistry._issueCertificateInternal
DA:332,13
DA:333,13
DA:342,13
DA:343,13
DA:345,13
DA:346,13
DA:349,14
FN:349,CertificateRegistry._authorizeInstitution
FNDA:14,CertificateRegistry._authorizeInstitution
DA:350,14
BRDA:350,24,0,-
DA:351,14
BRDA:351,25,0,1
DA:352,1
DA:355,13
DA:356,13
DA:358,13
DA:361,4
FN:361,CertificateRegistry._linkTemplate
FNDA:4,CertificateRegistry._linkTemplate
DA:362,4
BRDA:362,26,0,4
DA:363,4
DA:365,4
BRDA:365,27,0,-
DA:366,4
DA:367,4
DA:368,4
FNF:19
FNH:16
LF:130
LH:114
BRF:28
BRH:3
end_of_record
TN:
SF:src/InstitutionRegistry.sol
DA:44,18
FN:44,InstitutionRegistry.constructor
FNDA:18,InstitutionRegistry.constructor
DA:45,18
BRDA:45,0,0,-
DA:47,18
DA:48,18
DA:57,30
FN:57,InstitutionRegistry.registerInstitution
FNDA:30,InstitutionRegistry.registerInstitution
DA:60,30
DA:61,30
BRDA:61,1,0,1
DA:62,1
DA:64,29
BRDA:64,2,0,-
DA:65,0
DA:68,29
DA:78,29
DA:81,29
DA:88,15
FN:88,InstitutionRegistry.verifyInstitution
FNDA:15,InstitutionRegistry.verifyInstitution
DA:89,15
BRDA:89,3,0,-
DA:90,15
DA:91,15
BRDA:91,4,0,1
DA:92,0
BRDA:92,5,0,-
DA:94,14
DA:95,14
DA:97,14
BRDA:97,6,0,14
DA:98,14
DA:101,14
DA:109,1
FN:109,InstitutionRegistry.updateInstitutionInfo
FNDA:1,InstitutionRegistry.updateInstitutionInfo
DA:110,1
BRDA:110,7,0,-
DA:111,0
DA:114,1
DA:115,1
BRDA:115,8,0,-
DA:117,1
DA:118,1
DA:120,1
DA:128,14
FN:128,InstitutionRegistry.incrementCertificateCount
FNDA:14,InstitutionRegistry.incrementCertificateCount
DA:129,14
BRDA:129,9,0,-
DA:130,14
DA:131,14
BRDA:131,10,0,-
DA:134,14
DA:142,4
FN:142,InstitutionRegistry.getInstitution
FNDA:4,InstitutionRegistry.getInstitution
DA:143,4
BRDA:143,11,0,-
DA:144,4
DA:145,4
BRDA:145,12,0,-
DA:146,4
DA:153,18
FN:153,InstitutionRegistry.setCertificateRegistry
FNDA:18,InstitutionRegistry.setCertificateRegistry
DA:154,18
BRDA:154,13,0,-
DA:155,18
DA:156,18
DA:163,0
FN:163,InstitutionRegistry.institutionExists
FNDA:0,InstitutionRegistry.institutionExists
DA:164,0
FNF:8
FNH:7
LF:47
LH:42
BRF:14
BRH:3
end_of_record
TN:
SF:src/TemplateManager.sol
DA:37,17
FN:37,TemplateManager.constructor
FNDA:17,TemplateManager.constructor
DA:38,17
BRDA:38,0,0,-
DA:40,17
DA:41,17
DA:42,17
DA:52,11
FN:52,TemplateManager.createTemplate
FNDA:11,TemplateManager.createTemplate
DA:57,11
BRDA:57,1,0,1
DA:59,10
DA:61,10
DA:62,10
DA:63,10
DA:64,10
DA:65,10
DA:66,10
DA:68,10
DA:69,8
BRDA:69,2,0,8
DA:70,8
DA:73,10
DA:80,6
FN:80,TemplateManager.getTemplate
FNDA:6,TemplateManager.getTemplate
DA:81,6
DA:82,6
BRDA:82,3,0,-
DA:83,6
DA:89,1
FN:89,TemplateManager.listPublicTemplates
FNDA:1,TemplateManager.listPublicTemplates
DA:90,1
DA:97,1
FN:97,TemplateManager.getInstitutionTemplates
FNDA:1,TemplateManager.getInstitutionTemplates
DA:98,1
BRDA:98,4,0,-
DA:99,1
DA:106,5
FN:106,TemplateManager.incrementUsageCount
FNDA:5,TemplateManager.incrementUsageCount
DA:107,5
DA:108,5
BRDA:108,5,0,-
DA:111,5
DA:114,5
DA:122,17
FN:122,TemplateManager.grantIssuerRole
FNDA:17,TemplateManager.grantIssuerRole
DA:123,17
BRDA:123,6,0,-
DA:124,17
FNF:7
FNH:7
LF:35
LH:35
BRF:7
BRH:2
end_of_record
TN:
SF:test/InstitutionRegistry.t.sol
DA:11,1
FN:11,CertificateRegistryStub.authorizeInstitutionFromRegistry
FNDA:1,CertificateRegistryStub.authorizeInstitutionFromRegistry
DA:12,1
FNF:1
FNH:1
LF:2
LH:2
BRF:0
BRH:0
end_of_record
